general:num_version_config = 1
general:num_version_mb = 17
general:num_version_soft = 1.10.10
general:drone_serial = PI040236AD0L207214
general:soft_build_date = 2012-03-16 18:57
general:motor1_soft = 1.41
general:motor1_hard = 5.0
general:motor1_supplier = 1.1
general:motor2_soft = 1.41
general:motor2_hard = 5.0
general:motor2_supplier = 1.1
general:motor3_soft = 1.41
general:motor3_hard = 5.0
general:motor3_supplier = 1.1
general:motor4_soft = 1.41
general:motor4_hard = 5.0
general:motor4_supplier = 1.1
general:ardrone_name = My ARDrone
general:flying_time = 52
general:navdata_demo = TRUE
general:com_watchdog = 2
general:video_enable = TRUE
general:vision_enable = TRUE
general:vbat_min = 9000
control:accs_offset = { -2.2450520e+03 1.9218967e+03 2.0155470e+03 }
control:accs_gains = {  9.6109277e-01 2.6407765e-02 6.8696558e-02  -9.4203250e-03 -9.8405361e-01 2.9135071e-02  5.2952956e-02 -5.6025770e-02 -9.8395813e-01 }
control:gyros_offset = { 1.6276720e+03 1.6297800e+03 1.6393920e+03 }
control:gyros_gains = { 7.0914435e-03 -6.9328472e-03 -3.8237912e-03 }
control:gyros110_offset = { 1.6249540e+03 1.6375040e+03 }
control:gyros110_gains = { 1.5474992e-03 -1.5124462e-03 }
control:magneto_offset = { 0.0000000e+00 0.0000000e+00 0.0000000e+00 }
control:magneto_radius = 0.0000000e+00
control:gyro_offset_thr_x = 4.0000000e+00
control:gyro_offset_thr_y = 4.0000000e+00
control:gyro_offset_thr_z = 5.0000000e-01
control:pwm_ref_gyros = 470
control:osctun_value = 0
control:osctun_test = FALSE
control:altitude_max = 3000
control:altitude_min = 50
control:outdoor = FALSE
control:flight_without_shell = FALSE
control:autonomous_flight = FALSE
control:flight_anim = 0,0
control:travelling_enable = FALSE
network:ssid_single_player = ardrone_v1.10.10
network:ssid_multi_player = ardrone_v1.10.10
network:wifi_mode = 0
network:wifi_rate = 0
network:owner_mac = 00:00:00:00:00:00
pic:ultrasound_freq = 8
pic:ultrasound_watchdog = 3
pic:pic_version = 100925764
video:camif_fps = 20
video:camif_buffers = 2
video:num_trackers = 12
video:video_storage_space = 0
video:video_on_usb = TRUE
video:video_file_index = 1
leds:leds_anim = 0,0,0
detect:enemy_colors = 1
detect:enemy_without_shell = 0
syslog:output = 7
syslog:max_size = 102400
syslog:nb_files = 5
general:navdata_options = 65537
control:control_level = 0
video:bitrate = 0
video:bitrate_ctrl_mode = 0
video:bitrate_storage = 4000
custom:application_desc = Default application configuration
control:euler_angle_max = 2.0943952e-01
control:control_iphone_tilt = 3.4906584e-01
control:control_vz_max = 7.0000000e+02
control:control_yaw = 1.7453293e+00
control:manual_trim = FALSE
control:indoor_euler_angle_max = 2.0943952e-01
control:indoor_control_vz_max = 7.0000000e+02
control:indoor_control_yaw = 1.7453293e+00
control:outdoor_euler_angle_max = 3.4906584e-01
control:outdoor_control_vz_max = 1.0000000e+03
control:outdoor_control_yaw = 3.4906585e+00
control:travelling_mode = 0,10,1500,0,1000
custom:profile_desc = Default profile configuration
control:flying_mode = 0
control:hovering_range = 1000
video:codec_fps = 20
video:video_codec = 32
video:video_slices = 0
video:video_live_socket = 0
video:max_bitrate = 1000
video:video_channel = 0
detect:groundstripe_colors = 16
detect:detect_type = 3
detect:detections_select_h = 0
detect:detections_select_v_hsync = 0
detect:detections_select_v = 0
userbox:userbox_cmd = 0
gps:latitude = 5.0000000000000000e+02
gps:longitude = 5.0000000000000000e+02
gps:altitude = 0.0000000000000000e+00
custom:application_id = 00000000
custom:profile_id = 00000000
custom:session_id = 00000000
custom:session_desc = Default session configuration
